Mon, 17 Jun 2019 11:19:48 INFO 
Mon, 17 Jun 2019 11:19:48 INFO Begin 0 Loop
Mon, 17 Jun 2019 11:19:52 INFO Minimize Window
Mon, 17 Jun 2019 11:20:18 INFO Wait for Login
Mon, 17 Jun 2019 11:20:27 INFO Wait for Logout
Mon, 17 Jun 2019 11:20:39 INFO Wait for Quit
Mon, 17 Jun 2019 11:20:40 INFO Finish 0 Loop
Mon, 17 Jun 2019 11:20:40 INFO Time used: 52.724210
Mon, 17 Jun 2019 11:20:40 INFO Sleep
Mon, 17 Jun 2019 11:23:08 INFO 
Mon, 17 Jun 2019 11:23:08 INFO Begin 0 Loop
Mon, 17 Jun 2019 11:23:12 INFO Minimize Window
Mon, 17 Jun 2019 11:23:55 INFO 
Mon, 17 Jun 2019 11:23:55 INFO Begin 0 Loop
Mon, 17 Jun 2019 11:23:58 INFO Minimize Window
Mon, 17 Jun 2019 11:24:18 INFO Wait for Login
Mon, 17 Jun 2019 11:24:21 INFO Wait for Logout
Mon, 17 Jun 2019 11:24:29 INFO Wait for Quit
Mon, 17 Jun 2019 11:24:30 INFO Finish 0 Loop
Mon, 17 Jun 2019 11:24:30 INFO Time used: 35.651370
Mon, 17 Jun 2019 11:24:30 INFO Sleep
Mon, 17 Jun 2019 11:27:44 INFO 
Mon, 17 Jun 2019 11:27:44 INFO Begin 0 Loop
Mon, 17 Jun 2019 11:27:48 INFO Scrap Web & Waiting for 3s
Mon, 17 Jun 2019 11:28:10 INFO Wait for Login & Waiting for 3s
Mon, 17 Jun 2019 11:28:13 INFO Wait for Logout & Waiting for 1s
Mon, 17 Jun 2019 11:28:21 INFO Wait for Quit & Waiting for 1s
Mon, 17 Jun 2019 11:28:22 INFO Finish 0 Loop
Mon, 17 Jun 2019 11:28:22 INFO Time used: 37.283099
Mon, 17 Jun 2019 11:28:22 INFO Sleep
Mon, 17 Jun 2019 11:56:45 INFO 
Mon, 17 Jun 2019 11:56:45 INFO Begin 1 Loop
Mon, 17 Jun 2019 11:56:48 INFO Scrap Web & Waiting for 3s
Mon, 17 Jun 2019 11:57:08 INFO Wait for Login & Waiting for 3s
Mon, 17 Jun 2019 11:57:12 INFO Wait for Logout & Waiting for 1s
Mon, 17 Jun 2019 11:57:19 INFO Wait for Quit & Waiting for 1s
Mon, 17 Jun 2019 11:57:20 INFO Finish 1 Loop
Mon, 17 Jun 2019 11:57:20 INFO Time used: 34.967932
Mon, 17 Jun 2019 11:57:20 INFO Sleep
Mon, 17 Jun 2019 12:25:48 INFO 
Mon, 17 Jun 2019 12:25:48 INFO Begin 2 Loop
Mon, 17 Jun 2019 12:25:51 INFO Scrap Web & Waiting for 3s
Mon, 17 Jun 2019 12:26:11 INFO Wait for Login & Waiting for 3s
Mon, 17 Jun 2019 12:26:14 INFO Wait for Logout & Waiting for 1s
Mon, 17 Jun 2019 12:26:21 INFO Wait for Quit & Waiting for 1s
Mon, 17 Jun 2019 12:26:23 INFO Finish 2 Loop
Mon, 17 Jun 2019 12:26:23 INFO Time used: 34.606261
Mon, 17 Jun 2019 12:26:23 INFO Sleep
Mon, 17 Jun 2019 12:54:56 INFO 
Mon, 17 Jun 2019 12:54:56 INFO Begin 3 Loop
Mon, 17 Jun 2019 12:54:59 INFO Scrap Web & Waiting for 3s
Mon, 17 Jun 2019 12:55:19 INFO Wait for Login & Waiting for 3s
Mon, 17 Jun 2019 12:55:22 INFO Wait for Logout & Waiting for 1s
Mon, 17 Jun 2019 12:55:30 INFO Wait for Quit & Waiting for 1s
Mon, 17 Jun 2019 12:55:31 INFO Finish 3 Loop
Mon, 17 Jun 2019 12:55:31 INFO Time used: 35.086611
Mon, 17 Jun 2019 12:55:31 INFO Sleep
Mon, 17 Jun 2019 13:24:09 INFO 
Mon, 17 Jun 2019 13:24:09 INFO Begin 4 Loop
Mon, 17 Jun 2019 13:24:12 INFO Scrap Web & Waiting for 3s
Mon, 17 Jun 2019 13:24:32 INFO Wait for Login & Waiting for 3s
Mon, 17 Jun 2019 13:24:35 INFO Wait for Logout & Waiting for 1s
Mon, 17 Jun 2019 13:24:43 INFO Wait for Quit & Waiting for 1s
Mon, 17 Jun 2019 13:24:44 INFO Finish 4 Loop
Mon, 17 Jun 2019 13:24:44 INFO Time used: 34.778687
Mon, 17 Jun 2019 13:24:44 INFO Sleep
Mon, 17 Jun 2019 13:53:27 INFO 
Mon, 17 Jun 2019 13:53:27 INFO Begin 5 Loop
Mon, 17 Jun 2019 13:53:29 INFO Scrap Web & Waiting for 3s
Mon, 17 Jun 2019 13:53:50 INFO Wait for Login & Waiting for 3s
Mon, 17 Jun 2019 13:53:53 INFO Wait for Logout & Waiting for 1s
Mon, 17 Jun 2019 13:54:00 INFO Wait for Quit & Waiting for 1s
Mon, 17 Jun 2019 13:54:01 INFO Finish 5 Loop
Mon, 17 Jun 2019 13:54:01 INFO Time used: 34.743933
Mon, 17 Jun 2019 13:54:01 INFO Sleep
Mon, 17 Jun 2019 14:22:50 INFO 
Mon, 17 Jun 2019 14:22:50 INFO Begin 6 Loop
Mon, 17 Jun 2019 14:22:52 INFO Scrap Web & Waiting for 3s
Mon, 17 Jun 2019 14:23:13 INFO Wait for Login & Waiting for 3s
Mon, 17 Jun 2019 14:23:16 INFO Wait for Logout & Waiting for 1s
Mon, 17 Jun 2019 14:23:23 INFO Wait for Quit & Waiting for 1s
Mon, 17 Jun 2019 14:23:25 INFO Finish 6 Loop
Mon, 17 Jun 2019 14:23:25 INFO Time used: 34.973000
Mon, 17 Jun 2019 14:23:25 INFO Sleep
Mon, 17 Jun 2019 14:43:18 INFO 
Mon, 17 Jun 2019 14:43:18 INFO Begin 0 Loop
Mon, 17 Jun 2019 14:43:21 INFO Scrap Web & Waiting for 3s
Mon, 17 Jun 2019 14:43:38 INFO Wait for Login & Waiting for 1min
Mon, 17 Jun 2019 14:55:05 INFO 
Mon, 17 Jun 2019 14:55:05 INFO Begin 0 Loop
Mon, 17 Jun 2019 14:55:08 INFO Scrap Web & Waiting for 30s
Mon, 17 Jun 2019 14:55:56 INFO Wait for Login & Waiting for 1min
Mon, 17 Jun 2019 14:56:56 INFO Wait for Navigation menu & Waiting for 10s
Mon, 17 Jun 2019 14:58:28 INFO 
Mon, 17 Jun 2019 14:58:28 INFO Begin 0 Loop
Mon, 17 Jun 2019 14:58:30 INFO Scrap Web & Waiting for 30s
Mon, 17 Jun 2019 14:59:18 INFO Wait for Login & Waiting for 1min
Mon, 17 Jun 2019 15:08:54 INFO 
Mon, 17 Jun 2019 15:08:54 INFO Begin 0 Loop
Mon, 17 Jun 2019 15:08:57 INFO Scrap Web & Waiting for 10s
Mon, 17 Jun 2019 15:09:33 INFO Wait for Login & Waiting for 10s
Mon, 17 Jun 2019 15:09:43 INFO Wait for Logout & Waiting for 28 min
Mon, 17 Jun 2019 15:09:43 INFO Sleeping......
Mon, 17 Jun 2019 15:10:22 INFO 
Mon, 17 Jun 2019 15:10:22 INFO Begin 0 Loop
Mon, 17 Jun 2019 15:10:26 INFO Scrap Web & Waiting for 10s
Mon, 17 Jun 2019 15:10:54 INFO Wait for Login & Waiting for 10s
Mon, 17 Jun 2019 15:11:04 INFO Wait for Logout & Waiting for 28 min
Mon, 17 Jun 2019 15:11:04 INFO Sleeping......
Mon, 17 Jun 2019 15:11:12 INFO Wait for Quit & Waiting for 1s
Mon, 17 Jun 2019 15:11:13 INFO Time used: 50.132375
Mon, 17 Jun 2019 15:11:13 INFO Finish 0 Loop
Mon, 17 Jun 2019 15:11:13 INFO 
Mon, 17 Jun 2019 15:11:13 INFO Begin 1 Loop
Mon, 17 Jun 2019 15:11:16 INFO Scrap Web & Waiting for 10s
Mon, 17 Jun 2019 15:12:02 INFO 
Mon, 17 Jun 2019 15:12:02 INFO Begin 0 Loop
Mon, 17 Jun 2019 15:12:05 INFO Scrap Web & Waiting for 10s
Mon, 17 Jun 2019 15:12:32 INFO Wait for Login & Waiting for 10s
Mon, 17 Jun 2019 15:12:42 INFO Wait for Logout & Waiting for 28 min
Mon, 17 Jun 2019 15:12:42 INFO Sleeping......
Mon, 17 Jun 2019 15:41:12 INFO Wait for Quit & Waiting for 1s
Mon, 17 Jun 2019 15:41:13 INFO Time used: 1751.648091
Mon, 17 Jun 2019 15:41:13 INFO Finish 0 Loop
Mon, 17 Jun 2019 15:41:13 INFO 
Mon, 17 Jun 2019 15:41:13 INFO Begin 1 Loop
Mon, 17 Jun 2019 15:41:16 INFO Scrap Web & Waiting for 10s
Mon, 17 Jun 2019 15:41:46 INFO Wait for Login & Waiting for 10s
Mon, 17 Jun 2019 15:41:56 INFO Wait for Logout & Waiting for 33 min
Mon, 17 Jun 2019 15:41:56 INFO Sleeping......
Mon, 17 Jun 2019 16:15:25 INFO Wait for Quit & Waiting for 1s
Mon, 17 Jun 2019 16:15:26 INFO Time used: 2052.911174
Mon, 17 Jun 2019 16:15:26 INFO Finish 1 Loop
Mon, 17 Jun 2019 16:15:26 INFO 
Mon, 17 Jun 2019 16:15:26 INFO Begin 2 Loop
Mon, 17 Jun 2019 16:15:29 INFO Scrap Web & Waiting for 10s
Mon, 17 Jun 2019 16:15:56 INFO Wait for Login & Waiting for 10s
Mon, 17 Jun 2019 16:16:06 INFO Wait for Logout & Waiting for 38 min
Mon, 17 Jun 2019 16:16:06 INFO Sleeping......
Mon, 17 Jun 2019 16:54:35 INFO Wait for Quit & Waiting for 1s
Mon, 17 Jun 2019 16:54:37 INFO Time used: 2350.227426
Mon, 17 Jun 2019 16:54:37 INFO Finish 2 Loop
Mon, 17 Jun 2019 16:54:37 INFO 
Mon, 17 Jun 2019 16:54:37 INFO Begin 3 Loop
Mon, 17 Jun 2019 16:54:40 INFO Scrap Web & Waiting for 10s
Mon, 17 Jun 2019 16:55:07 INFO Wait for Login & Waiting for 10s
Mon, 17 Jun 2019 16:55:17 INFO Wait for Logout & Waiting for 43 min
Mon, 17 Jun 2019 16:55:17 INFO Sleeping......
Mon, 17 Jun 2019 17:38:47 INFO Wait for Quit & Waiting for 1s
Mon, 17 Jun 2019 17:38:48 INFO Time used: 2651.068911
Mon, 17 Jun 2019 17:38:48 INFO Finish 3 Loop
Mon, 17 Jun 2019 17:38:48 INFO 
Mon, 17 Jun 2019 17:38:48 INFO Begin 4 Loop
Mon, 17 Jun 2019 17:38:50 INFO Scrap Web & Waiting for 10s
Mon, 17 Jun 2019 17:39:18 INFO Wait for Login & Waiting for 10s
Mon, 17 Jun 2019 17:39:29 INFO Wait for Logout & Waiting for 48 min
Mon, 17 Jun 2019 17:39:29 INFO Sleeping......
Mon, 17 Jun 2019 18:27:59 INFO Wait for Quit & Waiting for 1s
Mon, 17 Jun 2019 18:28:00 INFO Time used: 2952.504615
Mon, 17 Jun 2019 18:28:00 INFO Finish 4 Loop
Mon, 17 Jun 2019 18:28:00 INFO 
Mon, 17 Jun 2019 18:28:00 INFO Begin 5 Loop
Mon, 17 Jun 2019 18:28:04 INFO Scrap Web & Waiting for 10s
Mon, 17 Jun 2019 18:28:32 INFO Wait for Login & Waiting for 10s
Mon, 17 Jun 2019 18:28:42 INFO Wait for Logout & Waiting for 53 min
Mon, 17 Jun 2019 18:28:42 INFO Sleeping......
Mon, 17 Jun 2019 19:22:12 INFO Wait for Quit & Waiting for 1s
Mon, 17 Jun 2019 19:22:13 INFO Time used: 3252.632050
Mon, 17 Jun 2019 19:22:13 INFO Finish 5 Loop
Mon, 17 Jun 2019 19:22:13 INFO 
Mon, 17 Jun 2019 19:22:13 INFO Begin 6 Loop
Mon, 17 Jun 2019 19:22:15 INFO Scrap Web & Waiting for 10s
Mon, 17 Jun 2019 19:22:42 INFO Wait for Login & Waiting for 10s
Mon, 17 Jun 2019 19:22:53 INFO Wait for Logout & Waiting for 58 min
Mon, 17 Jun 2019 19:22:53 INFO Sleeping......
Mon, 17 Jun 2019 20:21:23 INFO Wait for Quit & Waiting for 1s
Mon, 17 Jun 2019 20:21:24 INFO Time used: 3550.816429
Mon, 17 Jun 2019 20:21:24 INFO Finish 6 Loop
Mon, 17 Jun 2019 20:21:24 INFO 
Mon, 17 Jun 2019 20:21:24 INFO Begin 7 Loop
Mon, 17 Jun 2019 20:21:27 INFO Scrap Web & Waiting for 10s
Mon, 17 Jun 2019 20:21:55 INFO Wait for Login & Waiting for 10s
Mon, 17 Jun 2019 20:22:06 INFO Wait for Logout & Waiting for 63 min
Mon, 17 Jun 2019 20:22:06 INFO Sleeping......
Mon, 17 Jun 2019 21:25:36 INFO Wait for Quit & Waiting for 1s
Mon, 17 Jun 2019 21:25:37 INFO Time used: 3853.145054
Mon, 17 Jun 2019 21:25:37 INFO Finish 7 Loop
Mon, 17 Jun 2019 21:25:37 INFO 
Mon, 17 Jun 2019 21:25:37 INFO Begin 8 Loop
Mon, 17 Jun 2019 21:25:39 INFO Scrap Web & Waiting for 10s
Mon, 17 Jun 2019 21:26:07 INFO Wait for Login & Waiting for 10s
Mon, 17 Jun 2019 21:26:17 INFO Wait for Logout & Waiting for 68 min
Mon, 17 Jun 2019 21:26:17 INFO Sleeping......
Mon, 17 Jun 2019 22:34:47 INFO Wait for Quit & Waiting for 1s
Mon, 17 Jun 2019 22:34:48 INFO Time used: 4151.048806
Mon, 17 Jun 2019 22:34:48 INFO Finish 8 Loop
Mon, 17 Jun 2019 22:34:48 INFO 
Mon, 17 Jun 2019 22:34:48 INFO Begin 9 Loop
Mon, 17 Jun 2019 22:34:51 INFO Scrap Web & Waiting for 10s
Mon, 17 Jun 2019 22:35:19 INFO Wait for Login & Waiting for 10s
Mon, 17 Jun 2019 22:35:29 INFO Wait for Logout & Waiting for 73 min
Mon, 17 Jun 2019 22:35:29 INFO Sleeping......
Mon, 17 Jun 2019 23:48:58 INFO Wait for Quit & Waiting for 1s
Mon, 17 Jun 2019 23:48:59 INFO Time used: 4451.496784
Mon, 17 Jun 2019 23:48:59 INFO Finish 9 Loop
Tue, 18 Jun 2019 10:10:12 INFO 
Tue, 18 Jun 2019 10:10:12 INFO Begin 0 Loop
Tue, 18 Jun 2019 10:10:14 INFO Scrap Web & Waiting for 10s
Tue, 18 Jun 2019 10:10:44 INFO Wait for Login & Waiting for 10s
Tue, 18 Jun 2019 10:10:55 INFO Wait for Logout & Waiting for 28 min
Tue, 18 Jun 2019 10:10:55 INFO Sleeping......
Tue, 18 Jun 2019 10:39:24 INFO Wait for Quit & Waiting for 1s
Tue, 18 Jun 2019 10:39:25 INFO Time used: 1753.173505
Tue, 18 Jun 2019 10:39:25 INFO Finish 0 Loop
Tue, 18 Jun 2019 10:39:25 INFO 
Tue, 18 Jun 2019 10:39:25 INFO Begin 1 Loop
Tue, 18 Jun 2019 10:39:28 INFO Scrap Web & Waiting for 10s
Tue, 18 Jun 2019 10:39:57 INFO Wait for Login & Waiting for 10s
Tue, 18 Jun 2019 10:40:07 INFO Wait for Logout & Waiting for 33 min
Tue, 18 Jun 2019 10:40:07 INFO Sleeping......
Tue, 18 Jun 2019 11:13:37 INFO Wait for Quit & Waiting for 1s
Tue, 18 Jun 2019 11:13:38 INFO Time used: 2052.867080
Tue, 18 Jun 2019 11:13:38 INFO Finish 1 Loop
Tue, 18 Jun 2019 11:13:38 INFO 
Tue, 18 Jun 2019 11:13:38 INFO Begin 2 Loop
Tue, 18 Jun 2019 11:13:41 INFO Scrap Web & Waiting for 10s
Tue, 18 Jun 2019 11:14:09 INFO Wait for Login & Waiting for 10s
Tue, 18 Jun 2019 11:14:19 INFO Wait for Logout & Waiting for 38 min
Tue, 18 Jun 2019 11:14:19 INFO Sleeping......
Tue, 18 Jun 2019 11:52:49 INFO Wait for Quit & Waiting for 1s
Tue, 18 Jun 2019 11:52:50 INFO Time used: 2352.205887
Tue, 18 Jun 2019 11:52:50 INFO Finish 2 Loop
Tue, 18 Jun 2019 11:52:50 INFO 
Tue, 18 Jun 2019 11:52:50 INFO Begin 3 Loop
Tue, 18 Jun 2019 11:52:53 INFO Scrap Web & Waiting for 10s
Tue, 18 Jun 2019 11:53:20 INFO Wait for Login & Waiting for 10s
Tue, 18 Jun 2019 11:53:30 INFO Wait for Logout & Waiting for 43 min
Tue, 18 Jun 2019 11:53:30 INFO Sleeping......
Tue, 18 Jun 2019 12:37:00 INFO Wait for Quit & Waiting for 1s
Tue, 18 Jun 2019 12:37:01 INFO Time used: 2651.158624
Tue, 18 Jun 2019 12:37:01 INFO Finish 3 Loop
Tue, 18 Jun 2019 12:37:01 INFO 
Tue, 18 Jun 2019 12:37:01 INFO Begin 4 Loop
Tue, 18 Jun 2019 12:37:04 INFO Scrap Web & Waiting for 10s
Tue, 18 Jun 2019 12:37:32 INFO Wait for Login & Waiting for 10s
Tue, 18 Jun 2019 12:37:42 INFO Wait for Logout & Waiting for 48 min
Tue, 18 Jun 2019 12:37:42 INFO Sleeping......
Tue, 18 Jun 2019 13:26:12 INFO Wait for Quit & Waiting for 1s
Tue, 18 Jun 2019 13:26:14 INFO Time used: 2952.318133
Tue, 18 Jun 2019 13:26:14 INFO Finish 4 Loop
Tue, 18 Jun 2019 13:26:14 INFO 
Tue, 18 Jun 2019 13:26:14 INFO Begin 5 Loop
Tue, 18 Jun 2019 13:26:16 INFO Scrap Web & Waiting for 10s
Tue, 18 Jun 2019 13:26:44 INFO Wait for Login & Waiting for 10s
Tue, 18 Jun 2019 13:26:54 INFO Wait for Logout & Waiting for 53 min
Tue, 18 Jun 2019 13:26:54 INFO Sleeping......
Tue, 18 Jun 2019 14:20:25 INFO Wait for Quit & Waiting for 1s
Tue, 18 Jun 2019 14:20:26 INFO Time used: 3252.546168
Tue, 18 Jun 2019 14:20:26 INFO Finish 5 Loop
Tue, 18 Jun 2019 14:20:26 INFO 
Tue, 18 Jun 2019 14:20:26 INFO Begin 6 Loop
Tue, 18 Jun 2019 14:20:30 INFO Scrap Web & Waiting for 10s
Tue, 18 Jun 2019 14:20:58 INFO Wait for Login & Waiting for 10s
Tue, 18 Jun 2019 14:21:08 INFO Wait for Logout & Waiting for 58 min
Tue, 18 Jun 2019 14:21:08 INFO Sleeping......
Tue, 18 Jun 2019 15:19:38 INFO Wait for Quit & Waiting for 1s
Tue, 18 Jun 2019 15:19:39 INFO Time used: 3553.311787
Tue, 18 Jun 2019 15:19:39 INFO Finish 6 Loop
Tue, 18 Jun 2019 15:19:39 INFO 
Tue, 18 Jun 2019 15:19:39 INFO Begin 7 Loop
Tue, 18 Jun 2019 15:19:42 INFO Scrap Web & Waiting for 10s
Tue, 18 Jun 2019 15:20:10 INFO Wait for Login & Waiting for 10s
Tue, 18 Jun 2019 15:20:21 INFO Wait for Logout & Waiting for 63 min
Tue, 18 Jun 2019 15:20:21 INFO Sleeping......
Tue, 18 Jun 2019 16:23:51 INFO Wait for Quit & Waiting for 1s
Tue, 18 Jun 2019 16:23:52 INFO Time used: 3852.331053
Tue, 18 Jun 2019 16:23:52 INFO Finish 7 Loop
Tue, 18 Jun 2019 16:23:52 INFO 
Tue, 18 Jun 2019 16:23:52 INFO Begin 8 Loop
Tue, 18 Jun 2019 16:23:54 INFO Scrap Web & Waiting for 10s
Tue, 18 Jun 2019 16:24:23 INFO Wait for Login & Waiting for 10s
Tue, 18 Jun 2019 16:24:33 INFO Wait for Logout & Waiting for 68 min
Tue, 18 Jun 2019 16:24:33 INFO Sleeping......
Tue, 18 Jun 2019 17:04:11 INFO 
Tue, 18 Jun 2019 17:04:11 INFO Begin 0 Loop
Tue, 18 Jun 2019 17:04:13 INFO Scrap Web & Waiting for 10s
Tue, 18 Jun 2019 17:04:41 INFO Wait for Login & Waiting for 10s
Tue, 18 Jun 2019 17:04:51 INFO Wait for Logout & Waiting for 28 min
Tue, 18 Jun 2019 17:04:51 INFO Sleeping......
Tue, 18 Jun 2019 17:33:21 INFO Wait for Quit & Waiting for 1s
Tue, 18 Jun 2019 17:33:22 INFO Time used: 1751.434240
Tue, 18 Jun 2019 17:33:22 INFO Finish 0 Loop
Tue, 18 Jun 2019 17:33:22 INFO 
Tue, 18 Jun 2019 17:33:22 INFO Begin 1 Loop
Tue, 18 Jun 2019 17:33:25 INFO Scrap Web & Waiting for 10s
Tue, 18 Jun 2019 17:33:52 INFO Wait for Login & Waiting for 10s
Tue, 18 Jun 2019 17:34:02 INFO Wait for Logout & Waiting for 30 min
Tue, 18 Jun 2019 17:34:02 INFO Sleeping......
Tue, 18 Jun 2019 18:04:29 INFO Wait for Quit & Waiting for 1s
Tue, 18 Jun 2019 18:04:31 INFO Time used: 1868.324178
Tue, 18 Jun 2019 18:04:31 INFO Finish 1 Loop
Tue, 18 Jun 2019 18:04:31 INFO 
Tue, 18 Jun 2019 18:04:31 INFO Begin 2 Loop
Tue, 18 Jun 2019 18:04:34 INFO Scrap Web & Waiting for 10s
Tue, 18 Jun 2019 18:05:01 INFO Wait for Login & Waiting for 10s
Tue, 18 Jun 2019 18:05:11 INFO Wait for Logout & Waiting for 32 min
Tue, 18 Jun 2019 18:05:11 INFO Sleeping......
Tue, 18 Jun 2019 18:37:36 INFO Wait for Quit & Waiting for 1s
Tue, 18 Jun 2019 18:37:37 INFO Time used: 1986.809446
Tue, 18 Jun 2019 18:37:37 INFO Finish 2 Loop
Tue, 18 Jun 2019 18:37:37 INFO 
Tue, 18 Jun 2019 18:37:37 INFO Begin 3 Loop
Tue, 18 Jun 2019 18:37:40 INFO Scrap Web & Waiting for 10s
Tue, 18 Jun 2019 18:38:07 INFO Wait for Login & Waiting for 10s
Tue, 18 Jun 2019 18:38:17 INFO Wait for Logout & Waiting for 34 min
Tue, 18 Jun 2019 18:38:17 INFO Sleeping......
Tue, 18 Jun 2019 19:12:40 INFO Wait for Quit & Waiting for 1s
Tue, 18 Jun 2019 19:12:41 INFO Time used: 2104.116730
Tue, 18 Jun 2019 19:12:41 INFO Finish 3 Loop
Tue, 18 Jun 2019 19:12:41 INFO 
Tue, 18 Jun 2019 19:12:41 INFO Begin 4 Loop
Tue, 18 Jun 2019 19:12:44 INFO Scrap Web & Waiting for 10s
Tue, 18 Jun 2019 19:13:12 INFO Wait for Login & Waiting for 10s
Tue, 18 Jun 2019 19:13:22 INFO Wait for Logout & Waiting for 36 min
Tue, 18 Jun 2019 19:13:22 INFO Sleeping......
Tue, 18 Jun 2019 19:49:44 INFO Wait for Quit & Waiting for 1s
Tue, 18 Jun 2019 19:49:45 INFO Time used: 2223.446703
Tue, 18 Jun 2019 19:49:45 INFO Finish 4 Loop
Tue, 18 Jun 2019 19:49:45 INFO 
Tue, 18 Jun 2019 19:49:45 INFO Begin 5 Loop
Tue, 18 Jun 2019 19:49:47 INFO Scrap Web & Waiting for 10s
Tue, 18 Jun 2019 19:50:14 INFO Wait for Login & Waiting for 10s
Tue, 18 Jun 2019 19:50:24 INFO Wait for Logout & Waiting for 38 min
Tue, 18 Jun 2019 19:50:24 INFO Sleeping......
Tue, 18 Jun 2019 20:28:44 INFO Wait for Quit & Waiting for 1s
Tue, 18 Jun 2019 20:28:45 INFO Time used: 2340.553118
Tue, 18 Jun 2019 20:28:45 INFO Finish 5 Loop
Tue, 18 Jun 2019 20:28:45 INFO 
Tue, 18 Jun 2019 20:28:45 INFO Begin 6 Loop
Tue, 18 Jun 2019 20:28:48 INFO Scrap Web & Waiting for 10s
Tue, 18 Jun 2019 20:29:18 INFO Wait for Login & Waiting for 10s
Tue, 18 Jun 2019 20:29:29 INFO Wait for Logout & Waiting for 40 min
Tue, 18 Jun 2019 20:29:29 INFO Sleeping......
Tue, 18 Jun 2019 21:09:46 INFO Wait for Quit & Waiting for 1s
Tue, 18 Jun 2019 21:09:47 INFO Time used: 2461.967348
Tue, 18 Jun 2019 21:09:47 INFO Finish 6 Loop
Tue, 18 Jun 2019 21:09:47 INFO 
Tue, 18 Jun 2019 21:09:47 INFO Begin 7 Loop
Tue, 18 Jun 2019 21:09:50 INFO Scrap Web & Waiting for 10s
Tue, 18 Jun 2019 21:10:17 INFO Wait for Login & Waiting for 10s
Tue, 18 Jun 2019 21:10:27 INFO Wait for Logout & Waiting for 42 min
Tue, 18 Jun 2019 21:10:27 INFO Sleeping......
Tue, 18 Jun 2019 21:52:42 INFO Wait for Quit & Waiting for 1s
Tue, 18 Jun 2019 21:52:43 INFO Time used: 2575.937137
Tue, 18 Jun 2019 21:52:43 INFO Finish 7 Loop
Wed, 19 Jun 2019 10:19:00 INFO 
Wed, 19 Jun 2019 10:19:00 INFO Begin 0 Loop
Wed, 19 Jun 2019 10:19:03 INFO Scrap Web & Waiting for 10s
Wed, 19 Jun 2019 10:19:31 INFO Wait for Login & Waiting for 10s
Wed, 19 Jun 2019 10:19:41 INFO Wait for Logout & Waiting for 28 min
Wed, 19 Jun 2019 10:19:41 INFO Sleeping......
Wed, 19 Jun 2019 10:48:16 INFO Wait for Quit & Waiting for 1s
Wed, 19 Jun 2019 10:48:17 INFO Time used: 1757.018734
Wed, 19 Jun 2019 10:48:17 INFO Finish 0 Loop
Wed, 19 Jun 2019 10:48:17 INFO 
Wed, 19 Jun 2019 10:48:17 INFO Begin 1 Loop
Wed, 19 Jun 2019 10:48:25 INFO Scrap Web & Waiting for 10s
Wed, 19 Jun 2019 10:48:53 INFO Wait for Login & Waiting for 10s
Wed, 19 Jun 2019 10:49:03 INFO Wait for Logout & Waiting for 30 min
Wed, 19 Jun 2019 10:49:03 INFO Sleeping......
Wed, 19 Jun 2019 11:19:31 INFO Wait for Quit & Waiting for 1s
Wed, 19 Jun 2019 11:19:32 INFO Time used: 1874.626153
Wed, 19 Jun 2019 11:19:32 INFO Finish 1 Loop
Wed, 19 Jun 2019 11:19:32 INFO 
Wed, 19 Jun 2019 11:19:32 INFO Begin 2 Loop
Wed, 19 Jun 2019 11:19:34 INFO Scrap Web & Waiting for 10s
Wed, 19 Jun 2019 11:20:02 INFO Wait for Login & Waiting for 10s
Wed, 19 Jun 2019 11:20:12 INFO Wait for Logout & Waiting for 32 min
Wed, 19 Jun 2019 11:20:12 INFO Sleeping......
Wed, 19 Jun 2019 11:52:39 INFO Wait for Quit & Waiting for 1s
Wed, 19 Jun 2019 11:52:40 INFO Time used: 1988.553498
Wed, 19 Jun 2019 11:52:40 INFO Finish 2 Loop
Wed, 19 Jun 2019 11:52:40 INFO 
Wed, 19 Jun 2019 11:52:40 INFO Begin 3 Loop
Wed, 19 Jun 2019 11:52:43 INFO Scrap Web & Waiting for 10s
Wed, 19 Jun 2019 11:53:11 INFO Wait for Login & Waiting for 10s
Wed, 19 Jun 2019 11:53:21 INFO Wait for Logout & Waiting for 34 min
Wed, 19 Jun 2019 11:53:21 INFO Sleeping......
Wed, 19 Jun 2019 12:27:44 INFO Wait for Quit & Waiting for 1s
Wed, 19 Jun 2019 12:27:45 INFO Time used: 2105.217644
Wed, 19 Jun 2019 12:27:45 INFO Finish 3 Loop
Wed, 19 Jun 2019 12:27:45 INFO 
Wed, 19 Jun 2019 12:27:45 INFO Begin 4 Loop
Wed, 19 Jun 2019 12:27:48 INFO Scrap Web & Waiting for 10s
Wed, 19 Jun 2019 12:28:17 INFO Wait for Login & Waiting for 10s
Wed, 19 Jun 2019 12:28:27 INFO Wait for Logout & Waiting for 36 min
Wed, 19 Jun 2019 12:28:27 INFO Sleeping......
Wed, 19 Jun 2019 13:04:49 INFO Wait for Quit & Waiting for 1s
Wed, 19 Jun 2019 13:04:50 INFO Time used: 2224.981758
Wed, 19 Jun 2019 13:04:50 INFO Finish 4 Loop
Wed, 19 Jun 2019 13:04:50 INFO 
Wed, 19 Jun 2019 13:04:50 INFO Begin 5 Loop
Wed, 19 Jun 2019 13:04:54 INFO Scrap Web & Waiting for 10s
Wed, 19 Jun 2019 13:05:36 INFO Wait for Login & Waiting for 10s
Wed, 19 Jun 2019 13:05:47 INFO Wait for Logout & Waiting for 38 min
Wed, 19 Jun 2019 13:05:47 INFO Sleeping......
Wed, 19 Jun 2019 13:44:16 INFO Wait for Quit & Waiting for 1s
Wed, 19 Jun 2019 13:44:17 INFO Time used: 2366.552405
Wed, 19 Jun 2019 13:44:17 INFO Finish 5 Loop
Wed, 19 Jun 2019 13:44:17 INFO 
Wed, 19 Jun 2019 13:44:17 INFO Begin 6 Loop
Wed, 19 Jun 2019 13:44:21 INFO Scrap Web & Waiting for 10s
Wed, 19 Jun 2019 13:45:02 INFO Wait for Login & Waiting for 10s
Wed, 19 Jun 2019 13:45:12 INFO Wait for Logout & Waiting for 40 min
Wed, 19 Jun 2019 13:45:12 INFO Sleeping......
Wed, 19 Jun 2019 14:25:32 INFO Wait for Quit & Waiting for 1s
Wed, 19 Jun 2019 14:25:33 INFO Time used: 2476.120729
Wed, 19 Jun 2019 14:25:33 INFO Finish 6 Loop
Wed, 19 Jun 2019 14:25:33 INFO 
Wed, 19 Jun 2019 14:25:33 INFO Begin 7 Loop
Wed, 19 Jun 2019 14:25:39 INFO Scrap Web & Waiting for 10s
Wed, 19 Jun 2019 14:26:14 INFO Wait for Login & Waiting for 10s
Wed, 19 Jun 2019 14:26:24 INFO Wait for Logout & Waiting for 42 min
Wed, 19 Jun 2019 14:26:24 INFO Sleeping......
Wed, 19 Jun 2019 15:08:41 INFO Wait for Quit & Waiting for 1s
Wed, 19 Jun 2019 15:08:42 INFO Time used: 2588.940890
Wed, 19 Jun 2019 15:08:42 INFO Finish 7 Loop
Wed, 19 Jun 2019 15:08:42 INFO 
Wed, 19 Jun 2019 15:08:42 INFO Begin 8 Loop
Wed, 19 Jun 2019 15:08:45 INFO Scrap Web & Waiting for 10s
Wed, 19 Jun 2019 15:09:14 INFO Wait for Login & Waiting for 10s
Wed, 19 Jun 2019 15:09:24 INFO Wait for Logout & Waiting for 44 min
Wed, 19 Jun 2019 15:09:24 INFO Sleeping......
Wed, 19 Jun 2019 15:53:39 INFO Wait for Quit & Waiting for 1s
Wed, 19 Jun 2019 15:53:40 INFO Time used: 2697.629739
Wed, 19 Jun 2019 15:53:40 INFO Finish 8 Loop
Wed, 19 Jun 2019 15:53:40 INFO 
Wed, 19 Jun 2019 15:53:40 INFO Begin 9 Loop
Wed, 19 Jun 2019 15:53:43 INFO Scrap Web & Waiting for 10s
Wed, 19 Jun 2019 15:54:10 INFO Wait for Login & Waiting for 10s
Wed, 19 Jun 2019 15:54:20 INFO Wait for Logout & Waiting for 46 min
Wed, 19 Jun 2019 15:54:20 INFO Sleeping......
Wed, 19 Jun 2019 16:40:33 INFO Wait for Quit & Waiting for 1s
Wed, 19 Jun 2019 16:40:34 INFO Time used: 2813.899909
Wed, 19 Jun 2019 16:40:34 INFO Finish 9 Loop
Wed, 19 Jun 2019 16:40:34 INFO 
Wed, 19 Jun 2019 16:40:34 INFO Begin 10 Loop
Wed, 19 Jun 2019 16:40:37 INFO Scrap Web & Waiting for 10s
Wed, 19 Jun 2019 16:41:04 INFO Wait for Login & Waiting for 10s
Wed, 19 Jun 2019 16:41:14 INFO Wait for Logout & Waiting for 48 min
Wed, 19 Jun 2019 16:41:14 INFO Sleeping......
Wed, 19 Jun 2019 17:29:23 INFO Wait for Quit & Waiting for 1s
Wed, 19 Jun 2019 17:29:24 INFO Time used: 2930.407699
Wed, 19 Jun 2019 17:29:24 INFO Finish 10 Loop
Wed, 19 Jun 2019 17:29:24 INFO 
Wed, 19 Jun 2019 17:29:24 INFO Begin 11 Loop
Wed, 19 Jun 2019 17:29:27 INFO Scrap Web & Waiting for 10s
Wed, 19 Jun 2019 17:29:54 INFO Wait for Login & Waiting for 10s
Wed, 19 Jun 2019 17:30:04 INFO Wait for Logout & Waiting for 50 min
Wed, 19 Jun 2019 17:30:04 INFO Sleeping......
Wed, 19 Jun 2019 18:20:11 INFO Wait for Quit & Waiting for 1s
Wed, 19 Jun 2019 18:20:12 INFO Time used: 3048.239205
Wed, 19 Jun 2019 18:20:12 INFO Finish 11 Loop
Wed, 19 Jun 2019 18:20:12 INFO 
Wed, 19 Jun 2019 18:20:12 INFO Begin 12 Loop
Wed, 19 Jun 2019 18:20:15 INFO Scrap Web & Waiting for 10s
Wed, 19 Jun 2019 18:20:42 INFO Wait for Login & Waiting for 10s
Wed, 19 Jun 2019 18:20:52 INFO Wait for Logout & Waiting for 51 min
Wed, 19 Jun 2019 18:20:52 INFO Sleeping......
Wed, 19 Jun 2019 19:12:57 INFO Wait for Quit & Waiting for 1s
Wed, 19 Jun 2019 19:12:58 INFO Time used: 3166.164160
Wed, 19 Jun 2019 19:12:58 INFO Finish 12 Loop
Wed, 19 Jun 2019 19:12:58 INFO 
Wed, 19 Jun 2019 19:12:58 INFO Begin 13 Loop
Wed, 19 Jun 2019 19:13:01 INFO Scrap Web & Waiting for 10s
Wed, 19 Jun 2019 19:13:27 INFO Wait for Login & Waiting for 10s
Wed, 19 Jun 2019 19:13:38 INFO Wait for Logout & Waiting for 53 min
Wed, 19 Jun 2019 19:13:38 INFO Sleeping......
Wed, 19 Jun 2019 20:07:41 INFO Wait for Quit & Waiting for 1s
Wed, 19 Jun 2019 20:07:42 INFO Time used: 3283.776806
Wed, 19 Jun 2019 20:07:42 INFO Finish 13 Loop
Wed, 19 Jun 2019 20:07:42 INFO 
Wed, 19 Jun 2019 20:07:42 INFO Begin 14 Loop
Wed, 19 Jun 2019 20:07:45 INFO Scrap Web & Waiting for 10s
Wed, 19 Jun 2019 20:08:11 INFO Wait for Login & Waiting for 10s
Wed, 19 Jun 2019 20:08:22 INFO Wait for Logout & Waiting for 55 min
Wed, 19 Jun 2019 20:08:22 INFO Sleeping......
Wed, 19 Jun 2019 21:04:24 INFO Wait for Quit & Waiting for 1s
Wed, 19 Jun 2019 21:04:25 INFO Time used: 3402.761583
Wed, 19 Jun 2019 21:04:25 INFO Finish 14 Loop
Wed, 19 Jun 2019 21:04:25 INFO 
Wed, 19 Jun 2019 21:04:25 INFO Begin 15 Loop
Wed, 19 Jun 2019 21:04:28 INFO Scrap Web & Waiting for 10s
Wed, 19 Jun 2019 21:04:38 INFO Wait for Login & Waiting for 10s
Thu, 20 Jun 2019 10:52:01 INFO 
Thu, 20 Jun 2019 10:52:01 INFO Begin 0 Loop
Thu, 20 Jun 2019 10:52:03 INFO Scrap Web & Waiting for 10s
Thu, 20 Jun 2019 10:52:14 INFO Wait for Login & Waiting for 1min
Thu, 20 Jun 2019 10:54:26 INFO 
Thu, 20 Jun 2019 10:54:26 INFO Begin 0 Loop
Thu, 20 Jun 2019 10:54:31 INFO Scrap Web & Waiting for 10s
Thu, 20 Jun 2019 10:54:41 INFO Wait for Login & Waiting for 1min
